<?xml version="1.0" encoding="UTF-8"?>
<testng-results ignored="0" total="1" passed="1" failed="0" skipped="0">
  <reporter-output>
  </reporter-output>
  <suite started-at="2025-10-29T20:41:28 IST" name="Default suite" finished-at="2025-10-29T20:42:21 IST" duration-ms="53200">
    <groups>
    </groups>
    <test started-at="2025-10-29T20:41:28 IST" name="Default test" finished-at="2025-10-29T20:42:21 IST" duration-ms="53200">
      <class name="tasks.Task6_SearchFilters">
        <test-method is-config="true" signature="setup()[pri:0, instance:tasks.Task6_SearchFilters@55182842]" started-at="2025-10-29T20:41:28 IST" name="setup" finished-at="2025-10-29T20:41:29 IST" duration-ms="1688" status="PASS">
          <reporter-output>
          </reporter-output>
        </test-method> <!-- setup -->
        <test-method signature="searchWithFilters()[pri:0, instance:tasks.Task6_SearchFilters@55182842]" started-at="2025-10-29T20:41:29 IST" name="searchWithFilters" finished-at="2025-10-29T20:42:21 IST" duration-ms="51033" status="PASS">
          <reporter-output>
          </reporter-output>
        </test-method> <!-- searchWithFilters -->
        <test-method is-config="true" signature="tearDown()[pri:0, instance:tasks.Task6_SearchFilters@55182842]" started-at="2025-10-29T20:42:21 IST" name="tearDown" finished-at="2025-10-29T20:42:21 IST" duration-ms="442" status="PASS">
          <reporter-output>
          </reporter-output>
        </test-method> <!-- tearDown -->
      </class> <!-- tasks.Task6_SearchFilters -->
    </test> <!-- Default test -->
  </suite> <!-- Default suite -->
</testng-results>
